<?xml version="1.0" encoding="UTF-8"?>
<!-- Generated by org.testng.reporters.JUnitReportReporter -->
<testsuite skipped="0" hostname="DTKHERGUNER" name="com.test.qa.ToolsQa.ToolsQaTest" tests="1" failures="0" timestamp="18 Eyl 2018 12:53:23 GMT" time="30.313" errors="0">
  <testcase name="test" time="30.313" classname="com.test.qa.ToolsQa.ToolsQaTest"/>
</testsuite> <!-- com.test.qa.ToolsQa.ToolsQaTest -->
