<?xml version="1.0" encoding="UTF-8"?>
<!-- Generated by org.testng.reporters.JUnitReportReporter -->
<testsuite skipped="0" hostname="DTKHERGUNER" name="com.test.qa.ToolsQa.ToolsQaTest" tests="1" failures="0" timestamp="19 Eyl 2018 06:02:15 GMT" time="27.441" errors="0">
  <testcase name="test" time="27.441" classname="com.test.qa.ToolsQa.ToolsQaTest"/>
</testsuite> <!-- com.test.qa.ToolsQa.ToolsQaTest -->
