<?xml version="1.0" encoding="UTF-8"?>
<!-- Generated by org.testng.reporters.JUnitReportReporter -->
<testsuite skipped="0" hostname="DTKHERGUNER" name="com.test.qa.ToolsQa.ToolsQaTest" tests="1" failures="0" timestamp="17 Eyl 2018 08:33:49 GMT" time="25.861" errors="0">
  <testcase name="test" time="25.861" classname="com.test.qa.ToolsQa.ToolsQaTest"/>
</testsuite> <!-- com.test.qa.ToolsQa.ToolsQaTest -->
