<?xml version="1.0" encoding="UTF-8"?>
<!-- Generated by org.testng.reporters.JUnitReportReporter -->
<testsuite skipped="0" hostname="DTKHERGUNER" name="com.test.qa.ToolsQa.ToolsQaTest" tests="1" failures="0" timestamp="18 Eyl 2018 12:52:37 GMT" time="29.089" errors="0">
  <testcase name="test" time="29.089" classname="com.test.qa.ToolsQa.ToolsQaTest"/>
</testsuite> <!-- com.test.qa.ToolsQa.ToolsQaTest -->
